<?xml version="1.0" encoding="UTF-8"?>
<!-- Generated by org.testng.reporters.JUnitXMLReporter -->
<testsuite ignored="0" hostname="DESKTOP-GVVML2G" failures="0" tests="5" name="Default test" time="46.212" errors="0" timestamp="2024-01-02T17:03:58 EET">
  <testcase classname="Final_Project.SetUp_Test" name="CreatAccount" time="7.525"/>
  <testcase classname="Final_Project.SetUp_Test" name="Logout" time="2.612"/>
  <testcase classname="Final_Project.SetUp_Test" name="Login" time="6.407"/>
  <testcase classname="Final_Project.SetUp_Test" name="AddThreeItems" time="19.528"/>
  <testcase classname="Final_Project.SetUp_Test" name="CheckTheManSection" time="8.043"/>
</testsuite> <!-- Default test -->
