<?xml version="1.0" encoding="UTF-8"?>
<testng-results ignored="0" total="5" passed="5" failed="0" skipped="0">
  <reporter-output>
  </reporter-output>
  <suite started-at="2024-01-02T17:03:12 EET" name="Default suite" finished-at="2024-01-02T17:03:58 EET" duration-ms="46212">
    <groups>
    </groups>
    <test started-at="2024-01-02T17:03:12 EET" name="Default test" finished-at="2024-01-02T17:03:58 EET" duration-ms="46212">
      <class name="Final_Project.SetUp_Test">
        <test-method is-config="true" signature="Setup()[pri:0, instance:Final_Project.SetUp_Test@57bd2029]" started-at="2024-01-02T17:03:12 EET" name="Setup" finished-at="2024-01-02T17:03:14 EET" duration-ms="2049" status="PASS">
          <reporter-output>
          </reporter-output>
        </test-method> <!-- Setup -->
        <test-method signature="CreatAccount()[pri:1, instance:Final_Project.SetUp_Test@57bd2029]" started-at="2024-01-02T17:03:14 EET" name="CreatAccount" finished-at="2024-01-02T17:03:21 EET" duration-ms="7525" status="PASS">
          <reporter-output>
          </reporter-output>
        </test-method> <!-- CreatAccount -->
        <test-method signature="Logout()[pri:2, instance:Final_Project.SetUp_Test@57bd2029]" started-at="2024-01-02T17:03:21 EET" name="Logout" finished-at="2024-01-02T17:03:24 EET" duration-ms="2612" status="PASS">
          <reporter-output>
          </reporter-output>
        </test-method> <!-- Logout -->
        <test-method signature="Login()[pri:3, instance:Final_Project.SetUp_Test@57bd2029]" started-at="2024-01-02T17:03:24 EET" name="Login" finished-at="2024-01-02T17:03:30 EET" duration-ms="6407" status="PASS">
          <reporter-output>
          </reporter-output>
        </test-method> <!-- Login -->
        <test-method signature="AddThreeItems()[pri:4, instance:Final_Project.SetUp_Test@57bd2029]" started-at="2024-01-02T17:03:30 EET" name="AddThreeItems" finished-at="2024-01-02T17:03:50 EET" duration-ms="19528" status="PASS">
          <reporter-output>
          </reporter-output>
        </test-method> <!-- AddThreeItems -->
        <test-method signature="CheckTheManSection()[pri:5, instance:Final_Project.SetUp_Test@57bd2029]" started-at="2024-01-02T17:03:50 EET" name="CheckTheManSection" finished-at="2024-01-02T17:03:58 EET" duration-ms="8043" status="PASS">
          <reporter-output>
          </reporter-output>
        </test-method> <!-- CheckTheManSection -->
        <test-method is-config="true" signature="AfterTest()[pri:0, instance:Final_Project.SetUp_Test@57bd2029]" started-at="2024-01-02T17:03:58 EET" name="AfterTest" finished-at="2024-01-02T17:03:58 EET" duration-ms="0" status="PASS">
          <reporter-output>
          </reporter-output>
        </test-method> <!-- AfterTest -->
      </class> <!-- Final_Project.SetUp_Test -->
    </test> <!-- Default test -->
  </suite> <!-- Default suite -->
</testng-results>
